-------------------------------------------------------------------------------
Test set: io.battlesnake.starter.SnakeTest
-------------------------------------------------------------------------------
Tests run: 4, Failures: 1, Errors: 0, Skipped: 0, Time elapsed: 0.189 s <<< FAILURE! - in io.battlesnake.starter.SnakeTest
moveTest  Time elapsed: 0.022 s  <<< FAILURE!
org.opentest4j.AssertionFailedError: expected: <down> but was: <left>
	at io.battlesnake.starter.SnakeTest.moveTest(SnakeTest.java:48)

