<?xml version="1.0" encoding="UTF-8"?>
<testsuite xmlns:xsi="http://www.w3.org/2001/XMLSchema-instance" xsi:noNamespaceSchemaLocation="https://maven.apache.org/surefire/maven-surefire-plugin/xsd/surefire-test-report.xsd" name="io.battlesnake.starter.SnakeTest" time="0.17" tests="4" errors="0" skipped="0" failures="2">
  <properties>
[...]
</properties>
  <testcase name="startTest" classname="io.battlesnake.starter.SnakeTest" time="0.034">
    <failure message="expected: &lt;#ff00ff&gt; but was: &lt;#767E85&gt;" type="org.opentest4j.AssertionFailedError"><![CDATA[org.opentest4j.AssertionFailedError: expected: <#ff00ff> but was: <#767E85>
	at io.battlesnake.starter.SnakeTest.startTest(SnakeTest.java:38)
]]></failure>
    <system-out><![CDATA[------------------------
Set color to grey
------------------------
]]></system-out>
  </testcase>
  <testcase name="endTest" classname="io.battlesnake.starter.SnakeTest" time="0"/>
  <testcase name="pingTest" classname="io.battlesnake.starter.SnakeTest" time="0"/>
  <testcase name="moveTest" classname="io.battlesnake.starter.SnakeTest" time="0.001">
    <failure message="expected: &lt;right&gt; but was: &lt;down&gt;" type="org.opentest4j.AssertionFailedError"><![CDATA[org.opentest4j.AssertionFailedError: expected: <right> but was: <down>
	at io.battlesnake.starter.SnakeTest.moveTest(SnakeTest.java:45)
]]></failure>
  </testcase>
</testsuite>